2023-02-28 04:05:57,419:INFO:PyCaret Supervised Module
2023-02-28 04:05:57,425:INFO:ML Usecase: regression
2023-02-28 04:05:57,425:INFO:version 2.2.2
2023-02-28 04:05:57,426:INFO:Initializing setup()
2023-02-28 04:05:57,426:INFO:setup(target=income, ml_usecase=regression, available_plots={'parameter': 'Hyperparameters', 'residuals': 'Residuals', 'error': 'Prediction Error', 'cooks': 'Cooks Distance', 'rfe': 'Feature Selection', 'learning': 'Learning Curve', 'manifold': 'Manifold Learning', 'vc': 'Validation Curve', 'feature': 'Feature Importance', 'feature_all': 'Feature Importance (All)', 'tree': 'Decision Tree'}, train_size=0.7, test_data=None, preprocess=True, imputation_type=simple, iterative_imputation_iters=5, categorical_features=None, categorical_imputation=constant, categorical_iterative_imputer=lightgbm, ordinal_features=None, high_cardinality_features=None, high_cardinality_method=frequency, numeric_features=None, numeric_imputation=mean, numeric_iterative_imputer=lightgbm, date_features=None, ignore_features=None, normalize=False, normalize_method=zscore, transformation=False, transformation_method=yeo-johnson, handle_unknown_categorical=True, unknown_categorical_method=least_frequent, pca=False, pca_method=linear, pca_components=None, ignore_low_variance=False, combine_rare_levels=False, rare_level_threshold=0.1, bin_numeric_features=None, remove_outliers=False, outliers_threshold=0.05, remove_multicollinearity=False, multicollinearity_threshold=0.9, remove_perfect_collinearity=True, create_clusters=False, cluster_iter=20, polynomial_features=False, polynomial_degree=2, trigonometry_features=False, polynomial_threshold=0.1, group_features=None, group_names=None, feature_selection=False, feature_selection_threshold=0.8, feature_selection_method=classic, feature_interaction=False, feature_ratio=False, interaction_threshold=0.01, fix_imbalance=False, fix_imbalance_method=None, transform_target=False, transform_target_method=box-cox, data_split_shuffle=True, data_split_stratify=False, fold_strategy=kfold, fold=10, fold_shuffle=True, fold_groups=None, n_jobs=-1, use_gpu=False, custom_pipeline=None, html=True, session_id=None, log_experiment=False, experiment_name=None, log_plots=False, log_profile=False, log_data=False, silent=True, verbose=True, profile=False, profile_kwargs=None, display=None)
2023-02-28 04:05:57,429:INFO:Checking environment
2023-02-28 04:05:57,431:INFO:python_version: 3.10.2
2023-02-28 04:05:57,432:INFO:python_build: ('tags/v3.10.2:a58ebcc', 'Jan 17 2022 14:12:15')
2023-02-28 04:05:57,433:INFO:machine: AMD64
2023-02-28 04:05:57,501:INFO:platform: Windows-10-10.0.19044-SP0
2023-02-28 04:05:57,520:INFO:Memory: svmem(total=3674648576, available=583458816, percent=84.1, used=3091189760, free=583458816)
2023-02-28 04:05:57,522:INFO:Physical Core: 2
2023-02-28 04:05:57,522:INFO:Logical Core: 2
2023-02-28 04:05:57,522:INFO:Checking libraries
2023-02-28 04:05:57,523:INFO:pd==1.5.2
2023-02-28 04:05:57,523:INFO:numpy==1.23.5
2023-02-28 04:05:57,524:INFO:sklearn==1.2.0
2023-02-28 04:05:58,563:INFO:xgboost==1.7.2
2023-02-28 04:05:58,567:INFO:lightgbm==3.3.3
2023-02-28 04:05:59,206:INFO:catboost==1.1.1
2023-02-28 04:06:00,614:INFO:mlflow==2.0.1
2023-02-28 04:06:00,616:INFO:Checking Exceptions
2023-02-28 04:06:00,623:INFO:Declaring global variables
2023-02-28 04:06:00,623:INFO:USI: 473d
2023-02-28 04:06:00,625:INFO:pycaret_globals: {'display_container', '_all_models', '_internal_pipeline', 'gpu_param', 'USI', '_available_plots', 'fold_generator', 'fix_imbalance_param', '_ml_usecase', 'experiment__', 'create_model_container', '_all_models_internal', 'fold_param', 'iterative_imputation_iters_param', 'exp_name_log', 'fold_groups_param', 'imputation_classifier', 'seed', 'X_train', 'master_model_container', 'log_plots_param', 'X_test', 'pycaret_globals', 'target_param', 'n_jobs_param', 'transform_target_param', 'y_train', 'logging_param', 'data_before_preprocess', 'X', 'fold_shuffle_param', 'html_param', 'y_test', 'prep_pipe', 'y', 'fix_imbalance_method_param', '_all_metrics', '_gpu_n_jobs_param', 'stratify_param', 'transform_target_method_param', 'imputation_regressor'}
2023-02-28 04:06:00,626:INFO:Preparing display monitor
2023-02-28 04:06:00,629:INFO:Preparing display monitor
2023-02-28 04:06:00,668:INFO:Importing libraries
2023-02-28 04:06:00,669:INFO:Copying data for preprocessing
2023-02-28 04:06:00,681:INFO:Declaring preprocessing parameters
2023-02-28 04:06:00,691:INFO:Creating preprocessing pipeline
2023-02-28 04:06:00,732:INFO:Preprocessing pipeline created successfully
2023-02-28 04:06:00,733:ERROR:(Process Exit): setup has been interupted with user command 'quit'. setup must rerun.
2023-02-28 04:06:00,733:INFO:Creating global containers
2023-02-28 04:06:00,739:INFO:Internal pipeline: Pipeline(memory=None, steps=[('empty_step', 'passthrough')], verbose=False)
2023-02-28 04:06:01,658:INFO:Creating grid variables
2023-02-28 04:06:01,668:INFO:create_model_container: 0
2023-02-28 04:06:01,669:INFO:master_model_container: 0
2023-02-28 04:06:01,669:INFO:display_container: 0
2023-02-28 04:06:47,522:INFO:PyCaret Supervised Module
2023-02-28 04:06:47,523:INFO:ML Usecase: regression
2023-02-28 04:06:47,524:INFO:version 2.2.2
2023-02-28 04:06:47,526:INFO:Initializing setup()
2023-02-28 04:06:47,527:INFO:setup(target=income, ml_usecase=regression, available_plots={'parameter': 'Hyperparameters', 'residuals': 'Residuals', 'error': 'Prediction Error', 'cooks': 'Cooks Distance', 'rfe': 'Feature Selection', 'learning': 'Learning Curve', 'manifold': 'Manifold Learning', 'vc': 'Validation Curve', 'feature': 'Feature Importance', 'feature_all': 'Feature Importance (All)', 'tree': 'Decision Tree'}, train_size=0.7, test_data=None, preprocess=True, imputation_type=simple, iterative_imputation_iters=5, categorical_features=None, categorical_imputation=constant, categorical_iterative_imputer=lightgbm, ordinal_features=None, high_cardinality_features=None, high_cardinality_method=frequency, numeric_features=None, numeric_imputation=mean, numeric_iterative_imputer=lightgbm, date_features=None, ignore_features=None, normalize=False, normalize_method=zscore, transformation=False, transformation_method=yeo-johnson, handle_unknown_categorical=True, unknown_categorical_method=least_frequent, pca=False, pca_method=linear, pca_components=None, ignore_low_variance=False, combine_rare_levels=False, rare_level_threshold=0.1, bin_numeric_features=None, remove_outliers=False, outliers_threshold=0.05, remove_multicollinearity=False, multicollinearity_threshold=0.9, remove_perfect_collinearity=True, create_clusters=False, cluster_iter=20, polynomial_features=False, polynomial_degree=2, trigonometry_features=False, polynomial_threshold=0.1, group_features=None, group_names=None, feature_selection=False, feature_selection_threshold=0.8, feature_selection_method=classic, feature_interaction=False, feature_ratio=False, interaction_threshold=0.01, fix_imbalance=False, fix_imbalance_method=None, transform_target=False, transform_target_method=box-cox, data_split_shuffle=True, data_split_stratify=False, fold_strategy=kfold, fold=10, fold_shuffle=True, fold_groups=None, n_jobs=-1, use_gpu=False, custom_pipeline=None, html=True, session_id=None, log_experiment=False, experiment_name=None, log_plots=False, log_profile=False, log_data=False, silent=True, verbose=True, profile=False, profile_kwargs=None, display=None)
2023-02-28 04:06:47,530:INFO:Checking environment
2023-02-28 04:06:47,531:INFO:python_version: 3.10.2
2023-02-28 04:06:47,532:INFO:python_build: ('tags/v3.10.2:a58ebcc', 'Jan 17 2022 14:12:15')
2023-02-28 04:06:47,554:INFO:machine: AMD64
2023-02-28 04:06:47,556:INFO:platform: Windows-10-10.0.19044-SP0
2023-02-28 04:06:47,574:INFO:Memory: svmem(total=3674648576, available=458084352, percent=87.5, used=3216564224, free=458084352)
2023-02-28 04:06:47,579:INFO:Physical Core: 2
2023-02-28 04:06:47,585:INFO:Logical Core: 2
2023-02-28 04:06:47,586:INFO:Checking libraries
2023-02-28 04:06:47,590:INFO:pd==1.5.2
2023-02-28 04:06:47,592:INFO:numpy==1.23.5
2023-02-28 04:06:47,593:INFO:sklearn==1.2.0
2023-02-28 04:06:47,595:INFO:xgboost==1.7.2
2023-02-28 04:06:47,596:INFO:lightgbm==3.3.3
2023-02-28 04:06:47,597:INFO:catboost==1.1.1
2023-02-28 04:06:47,597:INFO:mlflow==2.0.1
2023-02-28 04:06:47,598:INFO:Checking Exceptions
2023-02-28 04:06:47,598:INFO:Declaring global variables
2023-02-28 04:06:47,599:INFO:USI: 31d3
2023-02-28 04:06:47,599:INFO:pycaret_globals: {'display_container', '_all_models', '_internal_pipeline', 'gpu_param', 'USI', '_available_plots', 'fold_generator', 'fix_imbalance_param', '_ml_usecase', 'experiment__', 'create_model_container', '_all_models_internal', 'fold_param', 'iterative_imputation_iters_param', 'exp_name_log', 'fold_groups_param', 'imputation_classifier', 'seed', 'X_train', 'master_model_container', 'log_plots_param', 'X_test', 'pycaret_globals', 'target_param', 'n_jobs_param', 'transform_target_param', 'y_train', 'logging_param', 'data_before_preprocess', 'X', 'fold_shuffle_param', 'html_param', 'y_test', 'prep_pipe', 'y', 'fix_imbalance_method_param', '_all_metrics', '_gpu_n_jobs_param', 'stratify_param', 'transform_target_method_param', 'imputation_regressor'}
2023-02-28 04:06:47,600:INFO:Preparing display monitor
2023-02-28 04:06:47,601:INFO:Preparing display monitor
2023-02-28 04:06:47,609:INFO:Importing libraries
2023-02-28 04:06:47,609:INFO:Copying data for preprocessing
2023-02-28 04:06:47,617:INFO:Declaring preprocessing parameters
2023-02-28 04:06:47,620:INFO:Creating preprocessing pipeline
2023-02-28 04:06:47,647:INFO:Preprocessing pipeline created successfully
2023-02-28 04:06:47,648:ERROR:(Process Exit): setup has been interupted with user command 'quit'. setup must rerun.
2023-02-28 04:06:47,649:INFO:Creating global containers
2023-02-28 04:06:47,650:INFO:Internal pipeline: Pipeline(memory=None, steps=[('empty_step', 'passthrough')], verbose=False)
2023-02-28 04:06:48,282:INFO:Creating grid variables
2023-02-28 04:06:48,304:INFO:create_model_container: 0
2023-02-28 04:06:48,305:INFO:master_model_container: 0
2023-02-28 04:06:48,307:INFO:display_container: 0
2023-02-28 04:12:23,856:INFO:PyCaret Supervised Module
2023-02-28 04:12:23,867:INFO:ML Usecase: regression
2023-02-28 04:12:23,868:INFO:version 2.2.2
2023-02-28 04:12:23,868:INFO:Initializing setup()
2023-02-28 04:12:23,868:INFO:setup(target=house_price, ml_usecase=regression, available_plots={'parameter': 'Hyperparameters', 'residuals': 'Residuals', 'error': 'Prediction Error', 'cooks': 'Cooks Distance', 'rfe': 'Feature Selection', 'learning': 'Learning Curve', 'manifold': 'Manifold Learning', 'vc': 'Validation Curve', 'feature': 'Feature Importance', 'feature_all': 'Feature Importance (All)', 'tree': 'Decision Tree'}, train_size=0.7, test_data=None, preprocess=True, imputation_type=simple, iterative_imputation_iters=5, categorical_features=None, categorical_imputation=constant, categorical_iterative_imputer=lightgbm, ordinal_features=None, high_cardinality_features=None, high_cardinality_method=frequency, numeric_features=None, numeric_imputation=mean, numeric_iterative_imputer=lightgbm, date_features=None, ignore_features=None, normalize=False, normalize_method=zscore, transformation=False, transformation_method=yeo-johnson, handle_unknown_categorical=True, unknown_categorical_method=least_frequent, pca=False, pca_method=linear, pca_components=None, ignore_low_variance=False, combine_rare_levels=False, rare_level_threshold=0.1, bin_numeric_features=None, remove_outliers=False, outliers_threshold=0.05, remove_multicollinearity=False, multicollinearity_threshold=0.9, remove_perfect_collinearity=True, create_clusters=False, cluster_iter=20, polynomial_features=False, polynomial_degree=2, trigonometry_features=False, polynomial_threshold=0.1, group_features=None, group_names=None, feature_selection=False, feature_selection_threshold=0.8, feature_selection_method=classic, feature_interaction=False, feature_ratio=False, interaction_threshold=0.01, fix_imbalance=False, fix_imbalance_method=None, transform_target=False, transform_target_method=box-cox, data_split_shuffle=True, data_split_stratify=False, fold_strategy=kfold, fold=10, fold_shuffle=True, fold_groups=None, n_jobs=-1, use_gpu=False, custom_pipeline=None, html=True, session_id=None, log_experiment=False, experiment_name=None, log_plots=False, log_profile=False, log_data=False, silent=True, verbose=True, profile=False, profile_kwargs=None, display=None)
2023-02-28 04:12:23,872:INFO:Checking environment
2023-02-28 04:12:23,876:INFO:python_version: 3.10.2
2023-02-28 04:12:23,876:INFO:python_build: ('tags/v3.10.2:a58ebcc', 'Jan 17 2022 14:12:15')
2023-02-28 04:12:23,900:INFO:machine: AMD64
2023-02-28 04:12:23,901:INFO:platform: Windows-10-10.0.19044-SP0
2023-02-28 04:12:23,912:INFO:Memory: svmem(total=3674648576, available=428666880, percent=88.3, used=3245981696, free=428666880)
2023-02-28 04:12:23,914:INFO:Physical Core: 2
2023-02-28 04:12:23,915:INFO:Logical Core: 2
2023-02-28 04:12:23,918:INFO:Checking libraries
2023-02-28 04:12:23,923:INFO:pd==1.5.2
2023-02-28 04:12:23,927:INFO:numpy==1.23.5
2023-02-28 04:12:23,986:INFO:sklearn==1.2.0
2023-02-28 04:12:24,004:INFO:xgboost==1.7.2
2023-02-28 04:12:24,024:INFO:lightgbm==3.3.3
2023-02-28 04:12:24,037:INFO:catboost==1.1.1
2023-02-28 04:12:24,039:INFO:mlflow==2.0.1
2023-02-28 04:12:24,041:INFO:Checking Exceptions
2023-02-28 04:12:24,055:INFO:Declaring global variables
2023-02-28 04:12:24,056:INFO:USI: 5388
2023-02-28 04:12:24,057:INFO:pycaret_globals: {'display_container', '_all_models', '_internal_pipeline', 'gpu_param', 'USI', '_available_plots', 'fold_generator', 'fix_imbalance_param', '_ml_usecase', 'experiment__', 'create_model_container', '_all_models_internal', 'fold_param', 'iterative_imputation_iters_param', 'exp_name_log', 'fold_groups_param', 'imputation_classifier', 'seed', 'X_train', 'master_model_container', 'log_plots_param', 'X_test', 'pycaret_globals', 'target_param', 'n_jobs_param', 'transform_target_param', 'y_train', 'logging_param', 'data_before_preprocess', 'X', 'fold_shuffle_param', 'html_param', 'y_test', 'prep_pipe', 'y', 'fix_imbalance_method_param', '_all_metrics', '_gpu_n_jobs_param', 'stratify_param', 'transform_target_method_param', 'imputation_regressor'}
2023-02-28 04:12:24,060:INFO:Preparing display monitor
2023-02-28 04:12:24,073:INFO:Preparing display monitor
2023-02-28 04:12:24,205:INFO:Importing libraries
2023-02-28 04:12:24,222:INFO:Copying data for preprocessing
2023-02-28 04:12:24,244:INFO:Declaring preprocessing parameters
2023-02-28 04:12:24,274:INFO:Creating preprocessing pipeline
2023-02-28 04:12:24,343:INFO:Preprocessing pipeline created successfully
2023-02-28 04:12:24,348:ERROR:(Process Exit): setup has been interupted with user command 'quit'. setup must rerun.
2023-02-28 04:12:24,352:INFO:Creating global containers
2023-02-28 04:12:24,359:INFO:Internal pipeline: Pipeline(memory=None, steps=[('empty_step', 'passthrough')], verbose=False)
2023-02-28 04:12:25,406:INFO:Creating grid variables
2023-02-28 04:12:25,414:INFO:create_model_container: 0
2023-02-28 04:12:25,415:INFO:master_model_container: 0
2023-02-28 04:12:25,416:INFO:display_container: 0
2023-02-28 04:15:07,042:INFO:PyCaret Supervised Module
2023-02-28 04:15:07,049:INFO:ML Usecase: regression
2023-02-28 04:15:07,050:INFO:version 2.2.2
2023-02-28 04:15:07,051:INFO:Initializing setup()
2023-02-28 04:15:07,053:INFO:setup(target=income, ml_usecase=regression, available_plots={'parameter': 'Hyperparameters', 'residuals': 'Residuals', 'error': 'Prediction Error', 'cooks': 'Cooks Distance', 'rfe': 'Feature Selection', 'learning': 'Learning Curve', 'manifold': 'Manifold Learning', 'vc': 'Validation Curve', 'feature': 'Feature Importance', 'feature_all': 'Feature Importance (All)', 'tree': 'Decision Tree'}, train_size=0.7, test_data=None, preprocess=True, imputation_type=simple, iterative_imputation_iters=5, categorical_features=None, categorical_imputation=constant, categorical_iterative_imputer=lightgbm, ordinal_features=None, high_cardinality_features=None, high_cardinality_method=frequency, numeric_features=None, numeric_imputation=mean, numeric_iterative_imputer=lightgbm, date_features=None, ignore_features=None, normalize=False, normalize_method=zscore, transformation=False, transformation_method=yeo-johnson, handle_unknown_categorical=True, unknown_categorical_method=least_frequent, pca=False, pca_method=linear, pca_components=None, ignore_low_variance=False, combine_rare_levels=False, rare_level_threshold=0.1, bin_numeric_features=None, remove_outliers=False, outliers_threshold=0.05, remove_multicollinearity=False, multicollinearity_threshold=0.9, remove_perfect_collinearity=True, create_clusters=False, cluster_iter=20, polynomial_features=False, polynomial_degree=2, trigonometry_features=False, polynomial_threshold=0.1, group_features=None, group_names=None, feature_selection=False, feature_selection_threshold=0.8, feature_selection_method=classic, feature_interaction=False, feature_ratio=False, interaction_threshold=0.01, fix_imbalance=False, fix_imbalance_method=None, transform_target=False, transform_target_method=box-cox, data_split_shuffle=True, data_split_stratify=False, fold_strategy=kfold, fold=10, fold_shuffle=True, fold_groups=None, n_jobs=-1, use_gpu=False, custom_pipeline=None, html=True, session_id=None, log_experiment=False, experiment_name=None, log_plots=False, log_profile=False, log_data=False, silent=True, verbose=True, profile=False, profile_kwargs=None, display=None)
2023-02-28 04:15:07,059:INFO:Checking environment
2023-02-28 04:15:07,083:INFO:python_version: 3.10.2
2023-02-28 04:15:07,084:INFO:python_build: ('tags/v3.10.2:a58ebcc', 'Jan 17 2022 14:12:15')
2023-02-28 04:15:07,085:INFO:machine: AMD64
2023-02-28 04:15:07,086:INFO:platform: Windows-10-10.0.19044-SP0
2023-02-28 04:15:07,103:INFO:Memory: svmem(total=3674648576, available=419643392, percent=88.6, used=3255005184, free=419643392)
2023-02-28 04:15:07,106:INFO:Physical Core: 2
2023-02-28 04:15:07,107:INFO:Logical Core: 2
2023-02-28 04:15:07,109:INFO:Checking libraries
2023-02-28 04:15:07,111:INFO:pd==1.5.2
2023-02-28 04:15:07,112:INFO:numpy==1.23.5
2023-02-28 04:15:07,114:INFO:sklearn==1.2.0
2023-02-28 04:15:07,127:INFO:xgboost==1.7.2
2023-02-28 04:15:07,140:INFO:lightgbm==3.3.3
2023-02-28 04:15:07,144:INFO:catboost==1.1.1
2023-02-28 04:15:07,147:INFO:mlflow==2.0.1
2023-02-28 04:15:07,149:INFO:Checking Exceptions
2023-02-28 04:15:07,152:INFO:Declaring global variables
2023-02-28 04:15:07,152:INFO:USI: f3dd
2023-02-28 04:15:07,153:INFO:pycaret_globals: {'display_container', '_all_models', '_internal_pipeline', 'gpu_param', 'USI', '_available_plots', 'fold_generator', 'fix_imbalance_param', '_ml_usecase', 'experiment__', 'create_model_container', '_all_models_internal', 'fold_param', 'iterative_imputation_iters_param', 'exp_name_log', 'fold_groups_param', 'imputation_classifier', 'seed', 'X_train', 'master_model_container', 'log_plots_param', 'X_test', 'pycaret_globals', 'target_param', 'n_jobs_param', 'transform_target_param', 'y_train', 'logging_param', 'data_before_preprocess', 'X', 'fold_shuffle_param', 'html_param', 'y_test', 'prep_pipe', 'y', 'fix_imbalance_method_param', '_all_metrics', '_gpu_n_jobs_param', 'stratify_param', 'transform_target_method_param', 'imputation_regressor'}
2023-02-28 04:15:07,154:INFO:Preparing display monitor
2023-02-28 04:15:07,155:INFO:Preparing display monitor
2023-02-28 04:15:07,184:INFO:Importing libraries
2023-02-28 04:15:07,185:INFO:Copying data for preprocessing
2023-02-28 04:15:07,193:INFO:Declaring preprocessing parameters
2023-02-28 04:15:07,198:INFO:Creating preprocessing pipeline
2023-02-28 04:15:07,229:INFO:Preprocessing pipeline created successfully
2023-02-28 04:15:07,229:ERROR:(Process Exit): setup has been interupted with user command 'quit'. setup must rerun.
2023-02-28 04:15:07,230:INFO:Creating global containers
2023-02-28 04:15:07,232:INFO:Internal pipeline: Pipeline(memory=None, steps=[('empty_step', 'passthrough')], verbose=False)
2023-02-28 04:15:07,916:INFO:Creating grid variables
2023-02-28 04:15:07,921:INFO:create_model_container: 0
2023-02-28 04:15:07,921:INFO:master_model_container: 0
2023-02-28 04:15:07,922:INFO:display_container: 0
2023-02-28 04:24:39,366:INFO:PyCaret Supervised Module
2023-02-28 04:24:39,464:INFO:ML Usecase: regression
2023-02-28 04:24:39,465:INFO:version 2.2.2
2023-02-28 04:24:39,465:INFO:Initializing setup()
2023-02-28 04:24:39,466:INFO:setup(target=house_price, ml_usecase=regression, available_plots={'parameter': 'Hyperparameters', 'residuals': 'Residuals', 'error': 'Prediction Error', 'cooks': 'Cooks Distance', 'rfe': 'Feature Selection', 'learning': 'Learning Curve', 'manifold': 'Manifold Learning', 'vc': 'Validation Curve', 'feature': 'Feature Importance', 'feature_all': 'Feature Importance (All)', 'tree': 'Decision Tree'}, train_size=0.7, test_data=None, preprocess=True, imputation_type=simple, iterative_imputation_iters=5, categorical_features=None, categorical_imputation=constant, categorical_iterative_imputer=lightgbm, ordinal_features=None, high_cardinality_features=None, high_cardinality_method=frequency, numeric_features=None, numeric_imputation=mean, numeric_iterative_imputer=lightgbm, date_features=None, ignore_features=None, normalize=False, normalize_method=zscore, transformation=False, transformation_method=yeo-johnson, handle_unknown_categorical=True, unknown_categorical_method=least_frequent, pca=False, pca_method=linear, pca_components=None, ignore_low_variance=False, combine_rare_levels=False, rare_level_threshold=0.1, bin_numeric_features=None, remove_outliers=False, outliers_threshold=0.05, remove_multicollinearity=False, multicollinearity_threshold=0.9, remove_perfect_collinearity=True, create_clusters=False, cluster_iter=20, polynomial_features=False, polynomial_degree=2, trigonometry_features=False, polynomial_threshold=0.1, group_features=None, group_names=None, feature_selection=False, feature_selection_threshold=0.8, feature_selection_method=classic, feature_interaction=False, feature_ratio=False, interaction_threshold=0.01, fix_imbalance=False, fix_imbalance_method=None, transform_target=False, transform_target_method=box-cox, data_split_shuffle=True, data_split_stratify=False, fold_strategy=kfold, fold=10, fold_shuffle=False, fold_groups=None, n_jobs=-1, use_gpu=False, custom_pipeline=None, html=True, session_id=None, log_experiment=False, experiment_name=None, log_plots=False, log_profile=False, log_data=False, silent=True, verbose=True, profile=False, profile_kwargs=None, display=None)
2023-02-28 04:24:39,471:INFO:Checking environment
2023-02-28 04:24:39,471:INFO:python_version: 3.10.2
2023-02-28 04:24:39,471:INFO:python_build: ('tags/v3.10.2:a58ebcc', 'Jan 17 2022 14:12:15')
2023-02-28 04:24:39,483:INFO:machine: AMD64
2023-02-28 04:24:39,682:INFO:platform: Windows-10-10.0.19044-SP0
2023-02-28 04:24:39,688:INFO:Memory: svmem(total=3674648576, available=358756352, percent=90.2, used=3315892224, free=358756352)
2023-02-28 04:24:39,689:INFO:Physical Core: 2
2023-02-28 04:24:39,689:INFO:Logical Core: 2
2023-02-28 04:24:39,690:INFO:Checking libraries
2023-02-28 04:24:39,690:INFO:pd==1.5.2
2023-02-28 04:24:39,691:INFO:numpy==1.23.5
2023-02-28 04:24:39,691:INFO:sklearn==1.2.0
2023-02-28 04:24:39,835:INFO:xgboost==1.7.2
2023-02-28 04:24:39,836:INFO:lightgbm==3.3.3
2023-02-28 04:24:39,994:INFO:catboost==1.1.1
2023-02-28 04:24:40,776:INFO:mlflow==2.0.1
2023-02-28 04:24:40,777:INFO:Checking Exceptions
2023-02-28 04:24:40,779:INFO:Declaring global variables
2023-02-28 04:24:40,781:INFO:USI: 9c56
2023-02-28 04:24:40,782:INFO:pycaret_globals: {'fold_groups_param', '_available_plots', 'X_train', 'imputation_regressor', 'experiment__', 'seed', '_internal_pipeline', 'master_model_container', 'y', 'iterative_imputation_iters_param', 'fix_imbalance_param', 'X_test', 'n_jobs_param', '_ml_usecase', 'USI', 'transform_target_method_param', 'logging_param', 'fold_shuffle_param', 'fold_generator', 'create_model_container', 'target_param', 'fold_param', 'data_before_preprocess', 'pycaret_globals', '_all_models', 'y_train', 'log_plots_param', 'prep_pipe', 'transform_target_param', '_gpu_n_jobs_param', '_all_models_internal', 'fix_imbalance_method_param', 'exp_name_log', '_all_metrics', 'display_container', 'html_param', 'y_test', 'stratify_param', 'X', 'imputation_classifier', 'gpu_param'}
2023-02-28 04:24:40,784:INFO:Preparing display monitor
2023-02-28 04:24:40,785:INFO:Preparing display monitor
2023-02-28 04:24:40,853:INFO:Importing libraries
2023-02-28 04:24:40,860:INFO:Copying data for preprocessing
2023-02-28 04:24:40,888:INFO:Declaring preprocessing parameters
2023-02-28 04:24:40,902:INFO:Creating preprocessing pipeline
2023-02-28 04:24:40,936:INFO:Preprocessing pipeline created successfully
2023-02-28 04:24:40,937:ERROR:(Process Exit): setup has been interupted with user command 'quit'. setup must rerun.
2023-02-28 04:24:40,937:INFO:Creating global containers
2023-02-28 04:28:26,733:INFO:PyCaret Supervised Module
2023-02-28 04:28:26,737:INFO:ML Usecase: regression
2023-02-28 04:28:26,738:INFO:version 2.2.2
2023-02-28 04:28:26,739:INFO:Initializing setup()
2023-02-28 04:28:26,765:INFO:setup(target=house_price, ml_usecase=regression, available_plots={'parameter': 'Hyperparameters', 'residuals': 'Residuals', 'error': 'Prediction Error', 'cooks': 'Cooks Distance', 'rfe': 'Feature Selection', 'learning': 'Learning Curve', 'manifold': 'Manifold Learning', 'vc': 'Validation Curve', 'feature': 'Feature Importance', 'feature_all': 'Feature Importance (All)', 'tree': 'Decision Tree'}, train_size=0.7, test_data=None, preprocess=True, imputation_type=simple, iterative_imputation_iters=5, categorical_features=None, categorical_imputation=constant, categorical_iterative_imputer=lightgbm, ordinal_features=None, high_cardinality_features=None, high_cardinality_method=frequency, numeric_features=None, numeric_imputation=mean, numeric_iterative_imputer=lightgbm, date_features=None, ignore_features=None, normalize=False, normalize_method=zscore, transformation=False, transformation_method=yeo-johnson, handle_unknown_categorical=True, unknown_categorical_method=least_frequent, pca=False, pca_method=linear, pca_components=None, ignore_low_variance=False, combine_rare_levels=False, rare_level_threshold=0.1, bin_numeric_features=None, remove_outliers=False, outliers_threshold=0.05, remove_multicollinearity=False, multicollinearity_threshold=0.9, remove_perfect_collinearity=True, create_clusters=False, cluster_iter=20, polynomial_features=False, polynomial_degree=2, trigonometry_features=False, polynomial_threshold=0.1, group_features=None, group_names=None, feature_selection=False, feature_selection_threshold=0.8, feature_selection_method=classic, feature_interaction=False, feature_ratio=False, interaction_threshold=0.01, fix_imbalance=False, fix_imbalance_method=None, transform_target=False, transform_target_method=box-cox, data_split_shuffle=True, data_split_stratify=False, fold_strategy=kfold, fold=10, fold_shuffle=False, fold_groups=None, n_jobs=-1, use_gpu=False, custom_pipeline=None, html=True, session_id=None, log_experiment=False, experiment_name=None, log_plots=False, log_profile=False, log_data=False, silent=True, verbose=True, profile=False, profile_kwargs=None, display=None)
2023-02-28 04:28:26,768:INFO:Checking environment
2023-02-28 04:28:26,769:INFO:python_version: 3.10.2
2023-02-28 04:28:26,770:INFO:python_build: ('tags/v3.10.2:a58ebcc', 'Jan 17 2022 14:12:15')
2023-02-28 04:28:26,771:INFO:machine: AMD64
2023-02-28 04:28:26,774:INFO:platform: Windows-10-10.0.19044-SP0
2023-02-28 04:28:26,782:INFO:Memory: svmem(total=3674648576, available=482222080, percent=86.9, used=3192426496, free=482222080)
2023-02-28 04:28:26,784:INFO:Physical Core: 2
2023-02-28 04:28:26,784:INFO:Logical Core: 2
2023-02-28 04:28:26,785:INFO:Checking libraries
2023-02-28 04:28:26,787:INFO:pd==1.5.2
2023-02-28 04:28:26,788:INFO:numpy==1.23.5
2023-02-28 04:28:26,788:INFO:sklearn==1.2.0
2023-02-28 04:28:26,789:INFO:xgboost==1.7.2
2023-02-28 04:28:26,789:INFO:lightgbm==3.3.3
2023-02-28 04:28:26,789:INFO:catboost==1.1.1
2023-02-28 04:28:26,790:INFO:mlflow==2.0.1
2023-02-28 04:28:26,790:INFO:Checking Exceptions
2023-02-28 04:28:26,796:INFO:Declaring global variables
2023-02-28 04:28:26,796:INFO:USI: f226
2023-02-28 04:28:26,797:INFO:pycaret_globals: {'fold_groups_param', '_available_plots', 'X_train', 'imputation_regressor', 'experiment__', 'seed', '_internal_pipeline', 'master_model_container', 'y', 'iterative_imputation_iters_param', 'fix_imbalance_param', 'X_test', 'n_jobs_param', '_ml_usecase', 'USI', 'transform_target_method_param', 'logging_param', 'fold_shuffle_param', 'fold_generator', 'create_model_container', 'target_param', 'fold_param', 'data_before_preprocess', 'pycaret_globals', '_all_models', 'y_train', 'log_plots_param', 'prep_pipe', 'transform_target_param', '_gpu_n_jobs_param', '_all_models_internal', 'fix_imbalance_method_param', 'exp_name_log', '_all_metrics', 'display_container', 'html_param', 'y_test', 'stratify_param', 'X', 'imputation_classifier', 'gpu_param'}
2023-02-28 04:28:26,799:INFO:Preparing display monitor
2023-02-28 04:28:26,800:INFO:Preparing display monitor
2023-02-28 04:28:26,823:INFO:Importing libraries
2023-02-28 04:28:26,824:INFO:Copying data for preprocessing
2023-02-28 04:28:26,834:INFO:Declaring preprocessing parameters
2023-02-28 04:28:26,841:INFO:Creating preprocessing pipeline
2023-02-28 04:28:26,873:INFO:Preprocessing pipeline created successfully
2023-02-28 04:28:26,873:ERROR:(Process Exit): setup has been interupted with user command 'quit'. setup must rerun.
2023-02-28 04:28:26,874:INFO:Creating global containers
2023-02-28 04:30:40,666:INFO:PyCaret Supervised Module
2023-02-28 04:30:40,669:INFO:ML Usecase: regression
2023-02-28 04:30:40,671:INFO:version 2.2.2
2023-02-28 04:30:40,672:INFO:Initializing setup()
2023-02-28 04:30:40,673:INFO:setup(target=income, ml_usecase=regression, available_plots={'parameter': 'Hyperparameters', 'residuals': 'Residuals', 'error': 'Prediction Error', 'cooks': 'Cooks Distance', 'rfe': 'Feature Selection', 'learning': 'Learning Curve', 'manifold': 'Manifold Learning', 'vc': 'Validation Curve', 'feature': 'Feature Importance', 'feature_all': 'Feature Importance (All)', 'tree': 'Decision Tree'}, train_size=0.7, test_data=None, preprocess=True, imputation_type=simple, iterative_imputation_iters=5, categorical_features=None, categorical_imputation=constant, categorical_iterative_imputer=lightgbm, ordinal_features=None, high_cardinality_features=None, high_cardinality_method=frequency, numeric_features=None, numeric_imputation=mean, numeric_iterative_imputer=lightgbm, date_features=None, ignore_features=None, normalize=False, normalize_method=zscore, transformation=False, transformation_method=yeo-johnson, handle_unknown_categorical=True, unknown_categorical_method=least_frequent, pca=False, pca_method=linear, pca_components=None, ignore_low_variance=False, combine_rare_levels=False, rare_level_threshold=0.1, bin_numeric_features=None, remove_outliers=False, outliers_threshold=0.05, remove_multicollinearity=False, multicollinearity_threshold=0.9, remove_perfect_collinearity=True, create_clusters=False, cluster_iter=20, polynomial_features=False, polynomial_degree=2, trigonometry_features=False, polynomial_threshold=0.1, group_features=None, group_names=None, feature_selection=False, feature_selection_threshold=0.8, feature_selection_method=classic, feature_interaction=False, feature_ratio=False, interaction_threshold=0.01, fix_imbalance=False, fix_imbalance_method=None, transform_target=False, transform_target_method=box-cox, data_split_shuffle=True, data_split_stratify=False, fold_strategy=kfold, fold=10, fold_shuffle=True, fold_groups=None, n_jobs=-1, use_gpu=False, custom_pipeline=None, html=True, session_id=None, log_experiment=False, experiment_name=None, log_plots=False, log_profile=False, log_data=False, silent=True, verbose=True, profile=False, profile_kwargs=None, display=None)
2023-02-28 04:30:40,676:INFO:Checking environment
2023-02-28 04:30:40,678:INFO:python_version: 3.10.2
2023-02-28 04:30:40,679:INFO:python_build: ('tags/v3.10.2:a58ebcc', 'Jan 17 2022 14:12:15')
2023-02-28 04:30:40,683:INFO:machine: AMD64
2023-02-28 04:30:40,684:INFO:platform: Windows-10-10.0.19044-SP0
2023-02-28 04:30:40,689:INFO:Memory: svmem(total=3674648576, available=268935168, percent=92.7, used=3405713408, free=268935168)
2023-02-28 04:30:40,691:INFO:Physical Core: 2
2023-02-28 04:30:40,692:INFO:Logical Core: 2
2023-02-28 04:30:40,718:INFO:Checking libraries
2023-02-28 04:30:40,725:INFO:pd==1.5.2
2023-02-28 04:30:40,726:INFO:numpy==1.23.5
2023-02-28 04:30:40,726:INFO:sklearn==1.2.0
2023-02-28 04:30:40,727:INFO:xgboost==1.7.2
2023-02-28 04:30:40,728:INFO:lightgbm==3.3.3
2023-02-28 04:30:40,729:INFO:catboost==1.1.1
2023-02-28 04:30:40,730:INFO:mlflow==2.0.1
2023-02-28 04:30:40,730:INFO:Checking Exceptions
2023-02-28 04:30:40,733:INFO:Declaring global variables
2023-02-28 04:30:40,734:INFO:USI: c706
2023-02-28 04:30:40,735:INFO:pycaret_globals: {'fold_groups_param', '_available_plots', 'X_train', 'imputation_regressor', 'experiment__', 'seed', '_internal_pipeline', 'master_model_container', 'y', 'iterative_imputation_iters_param', 'fix_imbalance_param', 'X_test', 'n_jobs_param', '_ml_usecase', 'USI', 'transform_target_method_param', 'logging_param', 'fold_shuffle_param', 'fold_generator', 'create_model_container', 'target_param', 'fold_param', 'data_before_preprocess', 'pycaret_globals', '_all_models', 'y_train', 'log_plots_param', 'prep_pipe', 'transform_target_param', '_gpu_n_jobs_param', '_all_models_internal', 'fix_imbalance_method_param', 'exp_name_log', '_all_metrics', 'display_container', 'html_param', 'y_test', 'stratify_param', 'X', 'imputation_classifier', 'gpu_param'}
2023-02-28 04:30:40,736:INFO:Preparing display monitor
2023-02-28 04:30:40,737:INFO:Preparing display monitor
2023-02-28 04:30:40,760:INFO:Importing libraries
2023-02-28 04:30:40,761:INFO:Copying data for preprocessing
2023-02-28 04:30:40,769:INFO:Declaring preprocessing parameters
2023-02-28 04:30:40,777:INFO:Creating preprocessing pipeline
2023-02-28 04:30:40,807:INFO:Preprocessing pipeline created successfully
2023-02-28 04:30:40,811:ERROR:(Process Exit): setup has been interupted with user command 'quit'. setup must rerun.
2023-02-28 04:30:40,811:INFO:Creating global containers
2023-02-28 04:30:40,832:INFO:Internal pipeline: Pipeline(memory=None, steps=[('empty_step', 'passthrough')], verbose=False)
2023-02-28 04:30:41,554:INFO:Creating grid variables
2023-02-28 04:30:41,560:INFO:create_model_container: 0
2023-02-28 04:30:41,561:INFO:master_model_container: 0
2023-02-28 04:30:41,561:INFO:display_container: 0
2023-02-28 04:31:08,198:INFO:PyCaret Supervised Module
2023-02-28 04:31:08,236:INFO:ML Usecase: regression
2023-02-28 04:31:08,238:INFO:version 2.2.2
2023-02-28 04:31:08,239:INFO:Initializing setup()
2023-02-28 04:31:08,243:INFO:setup(target=income, ml_usecase=regression, available_plots={'parameter': 'Hyperparameters', 'residuals': 'Residuals', 'error': 'Prediction Error', 'cooks': 'Cooks Distance', 'rfe': 'Feature Selection', 'learning': 'Learning Curve', 'manifold': 'Manifold Learning', 'vc': 'Validation Curve', 'feature': 'Feature Importance', 'feature_all': 'Feature Importance (All)', 'tree': 'Decision Tree'}, train_size=0.7, test_data=None, preprocess=True, imputation_type=simple, iterative_imputation_iters=5, categorical_features=None, categorical_imputation=constant, categorical_iterative_imputer=lightgbm, ordinal_features=None, high_cardinality_features=None, high_cardinality_method=frequency, numeric_features=None, numeric_imputation=mean, numeric_iterative_imputer=lightgbm, date_features=None, ignore_features=None, normalize=False, normalize_method=zscore, transformation=False, transformation_method=yeo-johnson, handle_unknown_categorical=True, unknown_categorical_method=least_frequent, pca=False, pca_method=linear, pca_components=None, ignore_low_variance=False, combine_rare_levels=False, rare_level_threshold=0.1, bin_numeric_features=None, remove_outliers=False, outliers_threshold=0.05, remove_multicollinearity=False, multicollinearity_threshold=0.9, remove_perfect_collinearity=True, create_clusters=False, cluster_iter=20, polynomial_features=False, polynomial_degree=2, trigonometry_features=False, polynomial_threshold=0.1, group_features=None, group_names=None, feature_selection=False, feature_selection_threshold=0.8, feature_selection_method=classic, feature_interaction=False, feature_ratio=False, interaction_threshold=0.01, fix_imbalance=False, fix_imbalance_method=None, transform_target=False, transform_target_method=box-cox, data_split_shuffle=True, data_split_stratify=False, fold_strategy=kfold, fold=10, fold_shuffle=True, fold_groups=None, n_jobs=-1, use_gpu=False, custom_pipeline=None, html=True, session_id=None, log_experiment=False, experiment_name=None, log_plots=False, log_profile=False, log_data=False, silent=True, verbose=True, profile=False, profile_kwargs=None, display=None)
2023-02-28 04:31:08,245:INFO:Checking environment
2023-02-28 04:31:08,246:INFO:python_version: 3.10.2
2023-02-28 04:31:08,246:INFO:python_build: ('tags/v3.10.2:a58ebcc', 'Jan 17 2022 14:12:15')
2023-02-28 04:31:08,247:INFO:machine: AMD64
2023-02-28 04:31:08,247:INFO:platform: Windows-10-10.0.19044-SP0
2023-02-28 04:31:08,251:INFO:Memory: svmem(total=3674648576, available=537706496, percent=85.4, used=3136942080, free=537706496)
2023-02-28 04:31:08,252:INFO:Physical Core: 2
2023-02-28 04:31:08,252:INFO:Logical Core: 2
2023-02-28 04:31:08,253:INFO:Checking libraries
2023-02-28 04:31:08,253:INFO:pd==1.5.2
2023-02-28 04:31:08,257:INFO:numpy==1.23.5
2023-02-28 04:31:08,258:INFO:sklearn==1.2.0
2023-02-28 04:31:08,258:INFO:xgboost==1.7.2
2023-02-28 04:31:08,259:INFO:lightgbm==3.3.3
2023-02-28 04:31:08,259:INFO:catboost==1.1.1
2023-02-28 04:31:08,259:INFO:mlflow==2.0.1
2023-02-28 04:31:08,260:INFO:Checking Exceptions
2023-02-28 04:31:08,260:INFO:Declaring global variables
2023-02-28 04:31:08,261:INFO:USI: b257
2023-02-28 04:31:08,261:INFO:pycaret_globals: {'fold_groups_param', '_available_plots', 'X_train', 'imputation_regressor', 'experiment__', 'seed', '_internal_pipeline', 'master_model_container', 'y', 'iterative_imputation_iters_param', 'fix_imbalance_param', 'X_test', 'n_jobs_param', '_ml_usecase', 'USI', 'transform_target_method_param', 'logging_param', 'fold_shuffle_param', 'fold_generator', 'create_model_container', 'target_param', 'fold_param', 'data_before_preprocess', 'pycaret_globals', '_all_models', 'y_train', 'log_plots_param', 'prep_pipe', 'transform_target_param', '_gpu_n_jobs_param', '_all_models_internal', 'fix_imbalance_method_param', 'exp_name_log', '_all_metrics', 'display_container', 'html_param', 'y_test', 'stratify_param', 'X', 'imputation_classifier', 'gpu_param'}
2023-02-28 04:31:08,262:INFO:Preparing display monitor
2023-02-28 04:31:08,263:INFO:Preparing display monitor
2023-02-28 04:31:08,273:INFO:Importing libraries
2023-02-28 04:31:08,275:INFO:Copying data for preprocessing
2023-02-28 04:31:08,282:INFO:Declaring preprocessing parameters
2023-02-28 04:31:08,285:INFO:Creating preprocessing pipeline
2023-02-28 04:31:08,315:INFO:Preprocessing pipeline created successfully
2023-02-28 04:31:08,316:ERROR:(Process Exit): setup has been interupted with user command 'quit'. setup must rerun.
2023-02-28 04:31:08,316:INFO:Creating global containers
2023-02-28 04:31:08,317:INFO:Internal pipeline: Pipeline(memory=None, steps=[('empty_step', 'passthrough')], verbose=False)
2023-02-28 04:31:08,960:INFO:Creating grid variables
2023-02-28 04:31:08,965:INFO:create_model_container: 0
2023-02-28 04:31:08,966:INFO:master_model_container: 0
2023-02-28 04:31:08,967:INFO:display_container: 0
2023-02-28 04:34:26,483:INFO:PyCaret Supervised Module
2023-02-28 04:34:26,486:INFO:ML Usecase: regression
2023-02-28 04:34:26,487:INFO:version 2.2.2
2023-02-28 04:34:26,494:INFO:Initializing setup()
2023-02-28 04:34:26,507:INFO:setup(target=members_num, ml_usecase=regression, available_plots={'parameter': 'Hyperparameters', 'residuals': 'Residuals', 'error': 'Prediction Error', 'cooks': 'Cooks Distance', 'rfe': 'Feature Selection', 'learning': 'Learning Curve', 'manifold': 'Manifold Learning', 'vc': 'Validation Curve', 'feature': 'Feature Importance', 'feature_all': 'Feature Importance (All)', 'tree': 'Decision Tree'}, train_size=0.7, test_data=None, preprocess=True, imputation_type=simple, iterative_imputation_iters=5, categorical_features=None, categorical_imputation=constant, categorical_iterative_imputer=lightgbm, ordinal_features=None, high_cardinality_features=None, high_cardinality_method=frequency, numeric_features=None, numeric_imputation=mean, numeric_iterative_imputer=lightgbm, date_features=None, ignore_features=None, normalize=False, normalize_method=zscore, transformation=False, transformation_method=yeo-johnson, handle_unknown_categorical=True, unknown_categorical_method=least_frequent, pca=False, pca_method=linear, pca_components=None, ignore_low_variance=False, combine_rare_levels=False, rare_level_threshold=0.1, bin_numeric_features=None, remove_outliers=False, outliers_threshold=0.05, remove_multicollinearity=False, multicollinearity_threshold=0.9, remove_perfect_collinearity=True, create_clusters=False, cluster_iter=20, polynomial_features=False, polynomial_degree=2, trigonometry_features=False, polynomial_threshold=0.1, group_features=None, group_names=None, feature_selection=False, feature_selection_threshold=0.8, feature_selection_method=classic, feature_interaction=False, feature_ratio=False, interaction_threshold=0.01, fix_imbalance=False, fix_imbalance_method=None, transform_target=False, transform_target_method=box-cox, data_split_shuffle=True, data_split_stratify=False, fold_strategy=kfold, fold=10, fold_shuffle=True, fold_groups=None, n_jobs=-1, use_gpu=False, custom_pipeline=None, html=True, session_id=None, log_experiment=False, experiment_name=None, log_plots=False, log_profile=False, log_data=False, silent=True, verbose=True, profile=False, profile_kwargs=None, display=None)
2023-02-28 04:34:26,534:INFO:Checking environment
2023-02-28 04:34:26,536:INFO:python_version: 3.10.2
2023-02-28 04:34:26,538:INFO:python_build: ('tags/v3.10.2:a58ebcc', 'Jan 17 2022 14:12:15')
2023-02-28 04:34:26,557:INFO:machine: AMD64
2023-02-28 04:34:26,571:INFO:platform: Windows-10-10.0.19044-SP0
2023-02-28 04:34:26,581:INFO:Memory: svmem(total=3674648576, available=436252672, percent=88.1, used=3238395904, free=436252672)
2023-02-28 04:34:26,582:INFO:Physical Core: 2
2023-02-28 04:34:26,582:INFO:Logical Core: 2
2023-02-28 04:34:26,583:INFO:Checking libraries
2023-02-28 04:34:26,583:INFO:pd==1.5.2
2023-02-28 04:34:26,588:INFO:numpy==1.23.5
2023-02-28 04:34:26,590:INFO:sklearn==1.2.0
2023-02-28 04:34:26,590:INFO:xgboost==1.7.2
2023-02-28 04:34:26,591:INFO:lightgbm==3.3.3
2023-02-28 04:34:26,596:INFO:catboost==1.1.1
2023-02-28 04:34:26,601:INFO:mlflow==2.0.1
2023-02-28 04:34:26,602:INFO:Checking Exceptions
2023-02-28 04:34:26,603:INFO:Declaring global variables
2023-02-28 04:34:26,604:INFO:USI: 60d4
2023-02-28 04:34:26,605:INFO:pycaret_globals: {'fold_groups_param', '_available_plots', 'X_train', 'imputation_regressor', 'experiment__', 'seed', '_internal_pipeline', 'master_model_container', 'y', 'iterative_imputation_iters_param', 'fix_imbalance_param', 'X_test', 'n_jobs_param', '_ml_usecase', 'USI', 'transform_target_method_param', 'logging_param', 'fold_shuffle_param', 'fold_generator', 'create_model_container', 'target_param', 'fold_param', 'data_before_preprocess', 'pycaret_globals', '_all_models', 'y_train', 'log_plots_param', 'prep_pipe', 'transform_target_param', '_gpu_n_jobs_param', '_all_models_internal', 'fix_imbalance_method_param', 'exp_name_log', '_all_metrics', 'display_container', 'html_param', 'y_test', 'stratify_param', 'X', 'imputation_classifier', 'gpu_param'}
2023-02-28 04:34:26,607:INFO:Preparing display monitor
2023-02-28 04:34:26,607:INFO:Preparing display monitor
2023-02-28 04:34:26,623:INFO:Importing libraries
2023-02-28 04:34:26,625:INFO:Copying data for preprocessing
2023-02-28 04:34:26,641:INFO:Declaring preprocessing parameters
2023-02-28 04:34:26,648:INFO:Creating preprocessing pipeline
2023-02-28 04:34:26,692:INFO:Preprocessing pipeline created successfully
2023-02-28 04:34:26,700:ERROR:(Process Exit): setup has been interupted with user command 'quit'. setup must rerun.
2023-02-28 04:34:26,700:INFO:Creating global containers
2023-02-28 04:34:26,703:INFO:Internal pipeline: Pipeline(memory=None, steps=[('empty_step', 'passthrough')], verbose=False)
2023-02-28 04:34:27,403:INFO:Creating grid variables
2023-02-28 04:34:27,411:INFO:create_model_container: 0
2023-02-28 04:34:27,412:INFO:master_model_container: 0
2023-02-28 04:34:27,418:INFO:display_container: 0
2023-02-28 04:41:32,540:INFO:PyCaret Supervised Module
2023-02-28 04:41:32,554:INFO:ML Usecase: regression
2023-02-28 04:41:32,559:INFO:version 2.2.2
2023-02-28 04:41:32,563:INFO:Initializing setup()
2023-02-28 04:41:32,566:INFO:setup(target=house_price, ml_usecase=regression, available_plots={'parameter': 'Hyperparameters', 'residuals': 'Residuals', 'error': 'Prediction Error', 'cooks': 'Cooks Distance', 'rfe': 'Feature Selection', 'learning': 'Learning Curve', 'manifold': 'Manifold Learning', 'vc': 'Validation Curve', 'feature': 'Feature Importance', 'feature_all': 'Feature Importance (All)', 'tree': 'Decision Tree'}, train_size=0.7, test_data=None, preprocess=True, imputation_type=simple, iterative_imputation_iters=5, categorical_features=None, categorical_imputation=constant, categorical_iterative_imputer=lightgbm, ordinal_features=None, high_cardinality_features=None, high_cardinality_method=frequency, numeric_features=None, numeric_imputation=mean, numeric_iterative_imputer=lightgbm, date_features=None, ignore_features=None, normalize=False, normalize_method=zscore, transformation=False, transformation_method=yeo-johnson, handle_unknown_categorical=True, unknown_categorical_method=least_frequent, pca=False, pca_method=linear, pca_components=None, ignore_low_variance=False, combine_rare_levels=False, rare_level_threshold=0.1, bin_numeric_features=None, remove_outliers=False, outliers_threshold=0.05, remove_multicollinearity=False, multicollinearity_threshold=0.9, remove_perfect_collinearity=True, create_clusters=False, cluster_iter=20, polynomial_features=False, polynomial_degree=2, trigonometry_features=False, polynomial_threshold=0.1, group_features=None, group_names=None, feature_selection=False, feature_selection_threshold=0.8, feature_selection_method=classic, feature_interaction=False, feature_ratio=False, interaction_threshold=0.01, fix_imbalance=False, fix_imbalance_method=None, transform_target=False, transform_target_method=box-cox, data_split_shuffle=True, data_split_stratify=False, fold_strategy=kfold, fold=10, fold_shuffle=True, fold_groups=None, n_jobs=-1, use_gpu=False, custom_pipeline=None, html=True, session_id=None, log_experiment=False, experiment_name=None, log_plots=False, log_profile=False, log_data=False, silent=True, verbose=True, profile=False, profile_kwargs=None, display=None)
2023-02-28 04:41:32,572:INFO:Checking environment
2023-02-28 04:41:32,574:INFO:python_version: 3.10.2
2023-02-28 04:41:32,575:INFO:python_build: ('tags/v3.10.2:a58ebcc', 'Jan 17 2022 14:12:15')
2023-02-28 04:41:32,576:INFO:machine: AMD64
2023-02-28 04:41:32,577:INFO:platform: Windows-10-10.0.19044-SP0
2023-02-28 04:41:32,585:INFO:Memory: svmem(total=3674648576, available=478978048, percent=87.0, used=3195670528, free=478978048)
2023-02-28 04:41:32,586:INFO:Physical Core: 2
2023-02-28 04:41:32,593:INFO:Logical Core: 2
2023-02-28 04:41:32,594:INFO:Checking libraries
2023-02-28 04:41:32,595:INFO:pd==1.5.2
2023-02-28 04:41:32,596:INFO:numpy==1.23.5
2023-02-28 04:41:32,596:INFO:sklearn==1.2.0
2023-02-28 04:41:32,596:INFO:xgboost==1.7.2
2023-02-28 04:41:32,597:INFO:lightgbm==3.3.3
2023-02-28 04:41:32,597:INFO:catboost==1.1.1
2023-02-28 04:41:32,598:INFO:mlflow==2.0.1
2023-02-28 04:41:32,599:INFO:Checking Exceptions
2023-02-28 04:41:32,605:INFO:Declaring global variables
2023-02-28 04:41:32,605:INFO:USI: 66c5
2023-02-28 04:41:32,606:INFO:pycaret_globals: {'fold_groups_param', '_available_plots', 'X_train', 'imputation_regressor', 'experiment__', 'seed', '_internal_pipeline', 'master_model_container', 'y', 'iterative_imputation_iters_param', 'fix_imbalance_param', 'X_test', 'n_jobs_param', '_ml_usecase', 'USI', 'transform_target_method_param', 'logging_param', 'fold_shuffle_param', 'fold_generator', 'create_model_container', 'target_param', 'fold_param', 'data_before_preprocess', 'pycaret_globals', '_all_models', 'y_train', 'log_plots_param', 'prep_pipe', 'transform_target_param', '_gpu_n_jobs_param', '_all_models_internal', 'fix_imbalance_method_param', 'exp_name_log', '_all_metrics', 'display_container', 'html_param', 'y_test', 'stratify_param', 'X', 'imputation_classifier', 'gpu_param'}
2023-02-28 04:41:32,607:INFO:Preparing display monitor
2023-02-28 04:41:32,608:INFO:Preparing display monitor
2023-02-28 04:41:32,623:INFO:Importing libraries
2023-02-28 04:41:32,624:INFO:Copying data for preprocessing
2023-02-28 04:41:32,633:INFO:Declaring preprocessing parameters
2023-02-28 04:41:32,641:INFO:Creating preprocessing pipeline
2023-02-28 04:41:32,672:INFO:Preprocessing pipeline created successfully
2023-02-28 04:41:32,673:ERROR:(Process Exit): setup has been interupted with user command 'quit'. setup must rerun.
2023-02-28 04:41:32,674:INFO:Creating global containers
2023-02-28 04:41:32,675:INFO:Internal pipeline: Pipeline(memory=None, steps=[('empty_step', 'passthrough')], verbose=False)
2023-02-28 04:41:33,403:INFO:Creating grid variables
2023-02-28 04:41:33,410:INFO:create_model_container: 0
2023-02-28 04:41:33,410:INFO:master_model_container: 0
2023-02-28 04:41:33,411:INFO:display_container: 0
